[debug] [2020-04-28T07:39:17.948Z] ----------------------------------------------------------------------
[debug] [2020-04-28T07:39:17.951Z] Command:       /usr/local/bin/node /usr/local/bin/firebase deploy
[debug] [2020-04-28T07:39:17.951Z] CLI Version:   8.1.0
[debug] [2020-04-28T07:39:17.952Z] Platform:      darwin
[debug] [2020-04-28T07:39:17.952Z] Node Version:  v12.16.1
[debug] [2020-04-28T07:39:17.953Z] Time:          Tue Apr 28 2020 13:09:17 GMT+0530 (India Standard Time)
[debug] [2020-04-28T07:39:17.953Z] ----------------------------------------------------------------------
[debug] [2020-04-28T07:39:17.954Z] 
[debug] [2020-04-28T07:39:17.969Z] > command requires scopes: ["email","openid","https://www.googleapis.com/auth/cloudplatformprojects.readonly","https://www.googleapis.com/auth/firebase","https://www.googleapis.com/auth/cloud-platform"]
[debug] [2020-04-28T07:39:17.970Z] > authorizing via signed-in user
[debug] [2020-04-28T07:39:17.970Z] [iam] checking project schooladmin-453f1 for permissions ["cloudfunctions.functions.create","cloudfunctions.functions.delete","cloudfunctions.functions.get","cloudfunctions.functions.list","cloudfunctions.functions.update","cloudfunctions.operations.get","firebase.projects.get"]
[debug] [2020-04-28T07:39:17.974Z] >>> HTTP REQUEST POST https://cloudresourcemanager.googleapis.com/v1/projects/schooladmin-453f1:testIamPermissions  
 {"permissions":["cloudfunctions.functions.create","cloudfunctions.functions.delete","cloudfunctions.functions.get","cloudfunctions.functions.list","cloudfunctions.functions.update","cloudfunctions.operations.get","firebase.projects.get"]}
[debug] [2020-04-28T07:39:19.952Z] <<< HTTP RESPONSE 200 {"content-type":"application/json; charset=UTF-8","vary":"X-Origin, Referer, Origin,Accept-Encoding","date":"Tue, 28 Apr 2020 07:39:19 GMT","server":"ESF","cache-control":"private","x-xss-protection":"0","x-frame-options":"SAMEORIGIN","x-content-type-options":"nosniff","server-timing":"gfet4t7; dur=1376","alt-svc":"h3-Q050=\":443\"; ma=2592000,h3-Q049=\":443\"; ma=2592000,h3-Q048=\":443\"; ma=2592000,h3-Q046=\":443\"; ma=2592000,h3-Q043=\":443\"; ma=2592000,quic=\":443\"; ma=2592000; v=\"46,43\"","accept-ranges":"none","transfer-encoding":"chunked"}
[debug] [2020-04-28T07:39:19.954Z] >>> HTTP REQUEST POST https://iam.googleapis.com/v1/projects/schooladmin-453f1/serviceAccounts/schooladmin-453f1@appspot.gserviceaccount.com:testIamPermissions  
 {"permissions":["iam.serviceAccounts.actAs"]}
[debug] [2020-04-28T07:39:22.497Z] <<< HTTP RESPONSE 200 {"content-type":"application/json; charset=UTF-8","vary":"X-Origin, Referer, Origin,Accept-Encoding","date":"Tue, 28 Apr 2020 07:39:22 GMT","server":"ESF","cache-control":"private","x-xss-protection":"0","x-frame-options":"SAMEORIGIN","x-content-type-options":"nosniff","alt-svc":"quic=\":443\"; ma=2592000; v=\"46,43\",h3-Q050=\":443\"; ma=2592000,h3-Q049=\":443\"; ma=2592000,h3-Q048=\":443\"; ma=2592000,h3-Q046=\":443\"; ma=2592000,h3-Q043=\":443\"; ma=2592000,h3-T050=\":443\"; ma=2592000","accept-ranges":"none","transfer-encoding":"chunked"}
[info] 
[info] === Deploying to 'schooladmin-453f1'...
[info] 
[info] i  deploying functions
[debug] [2020-04-28T07:39:26.606Z] > [functions] package.json contents: {
  "name": "functions",
  "description": "Cloud Functions for Firebase",
  "scripts": {
    "serve": "firebase emulators:start --only functions",
    "shell": "firebase functions:shell",
    "start": "npm run shell",
    "deploy": "firebase deploy --only functions",
    "logs": "firebase functions:log"
  },
  "engines": {
    "node": "8"
  },
  "dependencies": {
    "body-parser": "^1.19.0",
    "cors": "^2.8.5",
    "express": "^4.17.1",
    "firebase-admin": "^8.10.0",
    "firebase-functions": "^3.6.1",
    "mongoose": "^5.9.9",
    "mongoose-auto-increment": "^5.0.1",
    "nodemon": "^2.0.3"
  },
  "devDependencies": {
    "firebase-functions-test": "^0.2.0"
  },
  "private": true
}
[debug] [2020-04-28T07:39:27.008Z] Error: ENOENT: no such file or directory, stat 'functions/package.json'
    at Object.statSync (fs.js:932:3)
    at Object.load (/usr/local/lib/node_modules/firebase-tools/node_modules/cjson/index.js:200:12)
    at getRuntimeChoice (/usr/local/lib/node_modules/firebase-tools/lib/parseRuntimeAndValidateSDK.js:55:26)
    at module.exports (/usr/local/lib/node_modules/firebase-tools/lib/deploy/functions/prepare.js:26:29)
    at _chain (/usr/local/lib/node_modules/firebase-tools/lib/deploy/index.js:22:40)
    at /usr/local/lib/node_modules/firebase-tools/lib/deploy/index.js:63:16
    at processTicksAndRejections (internal/process/task_queues.js:97:5)
[error] 
[error] Error: An unexpected error has occurred.
